[2022-09-20 23:44:46,188] multiqc                                            [DEBUG  ]  This is MultiQC v1.12
[2022-09-20 23:44:46,188] multiqc                                            [DEBUG  ]  No MultiQC config found: /varidata/research/software/BBC/multiqc/MultiQC-1.12/lib/python3.8/site-packages/multiqc_config.yaml
[2022-09-20 23:44:46,188] multiqc                                            [DEBUG  ]  No MultiQC config found: /home/kin.lau/.multiqc_config.yaml
[2022-09-20 23:44:46,188] multiqc                                            [DEBUG  ]  No MultiQC config found: multiqc_config.yaml
[2022-09-20 23:44:46,188] multiqc                                            [DEBUG  ]  Command used: /primary/vari/software/BBC/multiqc/MultiQC-1.12/bin/multiqc --outdir multiqc .
[2022-09-20 23:44:46,701] multiqc                                            [DEBUG  ]  Could not connect to multiqc.info for version check: <urlopen error [SSL: CERTIFICATE_VERIFY_FAILED] certificate verify failed: unable to get local issuer certificate (_ssl.c:1108)>
[2022-09-20 23:44:46,701] multiqc                                            [DEBUG  ]  Command     : /primary/vari/software/BBC/multiqc/MultiQC-1.12/bin/multiqc --outdir multiqc .
[2022-09-20 23:44:46,701] multiqc                                            [DEBUG  ]  Working dir : /varidata/research/projects/bbc/research/hpc_workshop_202209
[2022-09-20 23:44:46,701] multiqc                                            [DEBUG  ]  Template    : default
[2022-09-20 23:44:46,701] multiqc                                            [DEBUG  ]  Running Python 3.8.1 (default, Mar  1 2020, 19:04:30)  [GCC 4.8.5 20150623 (Red Hat 4.8.5-11)]
[2022-09-20 23:44:46,702] multiqc                                            [DEBUG  ]  Analysing modules: custom_content, ccs, ngsderive, purple, conpair, lima, peddy, somalier, methylQA, mosdepth, phantompeakqualtools, qualimap, preseq, quast, qorts, rna_seqc, rockhopper, rsem, rseqc, busco, bustools, goleft_indexcov, gffcompare, disambiguate, supernova, deeptools, sargasso, verifybamid, mirtrace, happy, mirtop, sambamba, homer, hops, macs2, theta2, snpeff, gatk, htseq, bcftools, featureCounts, fgbio, dragen, dedup, pbmarkdup, damageprofiler, biobambam2, jcvi, mtnucratio, picard, vep, sentieon, prokka, qc3C, nanostat, samblaster, samtools, sexdeterrmine, eigenstratdatabasetools, bamtools, jellyfish, vcftools, longranger, stacks, varscan2, snippy, bbmap, bismark, biscuit, hicexplorer, hicup, hicpro, salmon, kallisto, slamdunk, star, hisat2, tophat, bowtie2, bowtie1, snpsplit, odgi, pangolin, kat, leehom, adapterRemoval, clipandmerge, cutadapt, flexbar, kaiju, kraken, malt, trimmomatic, sickle, skewer, sortmerna, biobloomtools, fastq_screen, afterqc, fastp, fastqc, pychopper, pycoqc, minionqc, multivcfanalyzer, clusterflow, checkqc, bcl2fastq, bclconvert, interop, ivar, flash, seqyclean, optitype, whatshap
[2022-09-20 23:44:46,703] multiqc                                            [DEBUG  ]  Using temporary directory for creating report: /tmp/tmpzmf2xrfs
[2022-09-20 23:44:46,830] multiqc                                            [INFO   ]  Search path : /varidata/research/projects/bbc/research/hpc_workshop_202209
[2022-09-20 23:44:46,902] multiqc                                            [DEBUG  ]  File ignored by ccs/v4 because it exceeded search pattern filesize limit: 01_linux_basics.md
[2022-09-20 23:44:46,904] multiqc                                            [DEBUG  ]  File ignored by hicexplorer because it exceeded search pattern filesize limit: 01_linux_basics.md
[2022-09-20 23:44:46,904] multiqc                                            [DEBUG  ]  File ignored by lima/summary because it exceeded search pattern filesize limit: 01_linux_basics.md
[2022-09-20 23:44:46,907] multiqc                                            [DEBUG  ]  File ignored by longranger/invocation because it exceeded search pattern filesize limit: 01_linux_basics.md
[2022-09-20 23:44:46,912] multiqc                                            [DEBUG  ]  File ignored by nanostat because it exceeded search pattern filesize limit: 01_linux_basics.md
[2022-09-20 23:44:46,914] multiqc                                            [DEBUG  ]  File ignored by ccs/v4 because it exceeded search pattern filesize limit: packages.bib
[2022-09-20 23:44:46,915] multiqc                                            [DEBUG  ]  File ignored by lima/summary because it exceeded search pattern filesize limit: packages.bib
[2022-09-20 23:44:46,916] multiqc                                            [DEBUG  ]  File ignored by longranger/invocation because it exceeded search pattern filesize limit: packages.bib
[2022-09-20 23:44:46,943] multiqc                                            [DEBUG  ]  File ignored by ccs/v4 because it exceeded search pattern filesize limit: salmon.e
[2022-09-20 23:44:46,945] multiqc                                            [DEBUG  ]  File ignored by hicexplorer because it exceeded search pattern filesize limit: salmon.e
[2022-09-20 23:44:46,946] multiqc                                            [DEBUG  ]  File ignored by lima/summary because it exceeded search pattern filesize limit: salmon.e
[2022-09-20 23:44:46,949] multiqc                                            [DEBUG  ]  File ignored by longranger/invocation because it exceeded search pattern filesize limit: salmon.e
[2022-09-20 23:44:46,962] multiqc                                            [DEBUG  ]  File ignored by nanostat because it exceeded search pattern filesize limit: salmon.e
[2022-09-20 23:44:46,992] multiqc                                            [DEBUG  ]  File ignored by ccs/v4 because it exceeded search pattern filesize limit: toc.css
[2022-09-20 23:44:46,995] multiqc                                            [DEBUG  ]  File ignored by lima/summary because it exceeded search pattern filesize limit: toc.css
[2022-09-20 23:44:46,999] multiqc                                            [DEBUG  ]  File ignored by longranger/invocation because it exceeded search pattern filesize limit: toc.css
[2022-09-20 23:44:47,078] multiqc                                            [DEBUG  ]  File ignored by ccs/v4 because it exceeded search pattern filesize limit: run_salmon.sh
[2022-09-20 23:44:47,078] multiqc                                            [DEBUG  ]  File ignored by lima/summary because it exceeded search pattern filesize limit: run_salmon.sh
[2022-09-20 23:44:47,085] multiqc                                            [DEBUG  ]  File ignored by ccs/v4 because it exceeded search pattern filesize limit: 03_bioinfx_example.Rmd
[2022-09-20 23:44:47,085] multiqc                                            [DEBUG  ]  File ignored by hicexplorer because it exceeded search pattern filesize limit: 03_bioinfx_example.Rmd
[2022-09-20 23:44:47,086] multiqc                                            [DEBUG  ]  File ignored by lima/summary because it exceeded search pattern filesize limit: 03_bioinfx_example.Rmd
[2022-09-20 23:44:47,087] multiqc                                            [DEBUG  ]  File ignored by longranger/invocation because it exceeded search pattern filesize limit: 03_bioinfx_example.Rmd
[2022-09-20 23:44:47,094] multiqc                                            [DEBUG  ]  File ignored by nanostat because it exceeded search pattern filesize limit: 03_bioinfx_example.Rmd
[2022-09-20 23:44:47,102] multiqc                                            [DEBUG  ]  File ignored by ccs/v4 because it exceeded search pattern filesize limit: 01_linux_basics.Rmd
[2022-09-20 23:44:47,103] multiqc                                            [DEBUG  ]  File ignored by hicexplorer because it exceeded search pattern filesize limit: 01_linux_basics.Rmd
[2022-09-20 23:44:47,103] multiqc                                            [DEBUG  ]  File ignored by lima/summary because it exceeded search pattern filesize limit: 01_linux_basics.Rmd
[2022-09-20 23:44:47,105] multiqc                                            [DEBUG  ]  File ignored by longranger/invocation because it exceeded search pattern filesize limit: 01_linux_basics.Rmd
[2022-09-20 23:44:47,110] multiqc                                            [DEBUG  ]  File ignored by nanostat because it exceeded search pattern filesize limit: 01_linux_basics.Rmd
[2022-09-20 23:44:47,126] multiqc                                            [DEBUG  ]  File ignored by ccs/v4 because it exceeded search pattern filesize limit: salmon_quant.log
[2022-09-20 23:44:47,127] multiqc                                            [DEBUG  ]  File ignored by lima/summary because it exceeded search pattern filesize limit: salmon_quant.log
[2022-09-20 23:44:47,128] multiqc                                            [DEBUG  ]  File ignored by longranger/invocation because it exceeded search pattern filesize limit: salmon_quant.log
[2022-09-20 23:44:47,135] multiqc                                            [DEBUG  ]  File ignored by ccs/v4 because it exceeded search pattern filesize limit: ambig_info.tsv
[2022-09-20 23:44:47,135] multiqc                                            [DEBUG  ]  File ignored by hicexplorer because it exceeded search pattern filesize limit: ambig_info.tsv
[2022-09-20 23:44:47,136] multiqc                                            [DEBUG  ]  File ignored by lima/summary because it exceeded search pattern filesize limit: ambig_info.tsv
[2022-09-20 23:44:47,137] multiqc                                            [DEBUG  ]  File ignored by vep/vep_txt because it exceeded search pattern filesize limit: ambig_info.tsv
[2022-09-20 23:44:47,137] multiqc                                            [DEBUG  ]  File ignored by longranger/invocation because it exceeded search pattern filesize limit: ambig_info.tsv
[2022-09-20 23:44:47,137] multiqc                                            [DEBUG  ]  File ignored by rockhopper because it exceeded search pattern filesize limit: ambig_info.tsv
[2022-09-20 23:44:47,137] multiqc                                            [DEBUG  ]  File ignored by rseqc/bam_stat because it exceeded search pattern filesize limit: ambig_info.tsv
[2022-09-20 23:44:47,137] multiqc                                            [DEBUG  ]  File ignored by rseqc/junction_annotation because it exceeded search pattern filesize limit: ambig_info.tsv
[2022-09-20 23:44:47,137] multiqc                                            [DEBUG  ]  File ignored by rseqc/read_distribution because it exceeded search pattern filesize limit: ambig_info.tsv
[2022-09-20 23:44:47,137] multiqc                                            [DEBUG  ]  File ignored by rseqc/infer_experiment because it exceeded search pattern filesize limit: ambig_info.tsv
[2022-09-20 23:44:49,628] multiqc                                            [DEBUG  ]  File ignored by nanostat because it exceeded search pattern filesize limit: ambig_info.tsv
[2022-09-20 23:44:49,777] multiqc                                            [DEBUG  ]  File ignored by ccs/v4 because it exceeded search pattern filesize limit: meta_info.json
[2022-09-20 23:44:49,778] multiqc                                            [DEBUG  ]  File ignored by lima/summary because it exceeded search pattern filesize limit: meta_info.json
[2022-09-20 23:44:49,801] multiqc                                            [DEBUG  ]  File ignored by ccs/v4 because it exceeded search pattern filesize limit: salmon_quant.log
[2022-09-20 23:44:49,802] multiqc                                            [DEBUG  ]  File ignored by lima/summary because it exceeded search pattern filesize limit: salmon_quant.log
[2022-09-20 23:44:49,804] multiqc                                            [DEBUG  ]  File ignored by longranger/invocation because it exceeded search pattern filesize limit: salmon_quant.log
[2022-09-20 23:44:49,810] multiqc                                            [DEBUG  ]  File ignored by ccs/v4 because it exceeded search pattern filesize limit: ambig_info.tsv
[2022-09-20 23:44:49,811] multiqc                                            [DEBUG  ]  File ignored by hicexplorer because it exceeded search pattern filesize limit: ambig_info.tsv
[2022-09-20 23:44:49,811] multiqc                                            [DEBUG  ]  File ignored by lima/summary because it exceeded search pattern filesize limit: ambig_info.tsv
[2022-09-20 23:44:49,813] multiqc                                            [DEBUG  ]  File ignored by vep/vep_txt because it exceeded search pattern filesize limit: ambig_info.tsv
[2022-09-20 23:44:49,813] multiqc                                            [DEBUG  ]  File ignored by longranger/invocation because it exceeded search pattern filesize limit: ambig_info.tsv
[2022-09-20 23:44:49,813] multiqc                                            [DEBUG  ]  File ignored by rockhopper because it exceeded search pattern filesize limit: ambig_info.tsv
[2022-09-20 23:44:49,813] multiqc                                            [DEBUG  ]  File ignored by rseqc/bam_stat because it exceeded search pattern filesize limit: ambig_info.tsv
[2022-09-20 23:44:49,813] multiqc                                            [DEBUG  ]  File ignored by rseqc/junction_annotation because it exceeded search pattern filesize limit: ambig_info.tsv
[2022-09-20 23:44:49,813] multiqc                                            [DEBUG  ]  File ignored by rseqc/read_distribution because it exceeded search pattern filesize limit: ambig_info.tsv
[2022-09-20 23:44:49,813] multiqc                                            [DEBUG  ]  File ignored by rseqc/infer_experiment because it exceeded search pattern filesize limit: ambig_info.tsv
[2022-09-20 23:44:52,284] multiqc                                            [DEBUG  ]  File ignored by nanostat because it exceeded search pattern filesize limit: ambig_info.tsv
[2022-09-20 23:44:52,434] multiqc                                            [DEBUG  ]  File ignored by ccs/v4 because it exceeded search pattern filesize limit: meta_info.json
[2022-09-20 23:44:52,436] multiqc                                            [DEBUG  ]  File ignored by lima/summary because it exceeded search pattern filesize limit: meta_info.json
[2022-09-20 23:44:52,758] multiqc                                            [DEBUG  ]  File ignored by ccs/v4 because it exceeded search pattern filesize limit: C4EBB97F-contents
[2022-09-20 23:44:52,762] multiqc                                            [DEBUG  ]  File ignored by lima/summary because it exceeded search pattern filesize limit: C4EBB97F-contents
[2022-09-20 23:44:52,768] multiqc                                            [DEBUG  ]  File ignored by longranger/invocation because it exceeded search pattern filesize limit: C4EBB97F-contents
[2022-09-20 23:44:52,789] multiqc                                            [DEBUG  ]  File ignored by ccs/v4 because it exceeded search pattern filesize limit: ECE8EEB3-contents
[2022-09-20 23:44:52,792] multiqc                                            [DEBUG  ]  File ignored by lima/summary because it exceeded search pattern filesize limit: ECE8EEB3-contents
[2022-09-20 23:44:52,838] multiqc                                            [DEBUG  ]  File ignored by ccs/v4 because it exceeded search pattern filesize limit: 0201C043-contents
[2022-09-20 23:44:52,841] multiqc                                            [DEBUG  ]  File ignored by lima/summary because it exceeded search pattern filesize limit: 0201C043-contents
[2022-09-20 23:44:52,847] multiqc                                            [DEBUG  ]  File ignored by longranger/invocation because it exceeded search pattern filesize limit: 0201C043-contents
[2022-09-20 23:44:52,988] multiqc                                            [DEBUG  ]  File ignored by ccs/v4 because it exceeded search pattern filesize limit: 000002.csv
[2022-09-20 23:44:52,991] multiqc                                            [DEBUG  ]  File ignored by hicexplorer because it exceeded search pattern filesize limit: 000002.csv
[2022-09-20 23:44:52,991] multiqc                                            [DEBUG  ]  File ignored by lima/summary because it exceeded search pattern filesize limit: 000002.csv
[2022-09-20 23:44:52,997] multiqc                                            [DEBUG  ]  File ignored by longranger/invocation because it exceeded search pattern filesize limit: 000002.csv
[2022-09-20 23:44:53,015] multiqc                                            [DEBUG  ]  File ignored by nanostat because it exceeded search pattern filesize limit: 000002.csv
[2022-09-20 23:44:53,094] multiqc                                            [DEBUG  ]  Ignoring file as matched an ignore pattern: SRR1039521_1.fastq.gz
[2022-09-20 23:44:53,095] multiqc                                            [DEBUG  ]  Ignoring file as matched an ignore pattern: SRR1039520_1.fastq.gz
[2022-09-20 23:44:53,095] multiqc                                            [DEBUG  ]  Ignoring file as matched an ignore pattern: SRR1039520_2.fastq.gz
[2022-09-20 23:44:53,107] multiqc                                            [DEBUG  ]  Ignoring file as matched an ignore pattern: SRR1039521_2.fastq.gz
[2022-09-20 23:44:53,107] multiqc                                            [DEBUG  ]  Ignoring file as matched an ignore pattern: SRR1039521_1.fastq.gz
[2022-09-20 23:44:53,107] multiqc                                            [DEBUG  ]  Ignoring file as matched an ignore pattern: SRR1039520_1.fastq.gz
[2022-09-20 23:44:53,107] multiqc                                            [DEBUG  ]  Ignoring file as matched an ignore pattern: SRR1039520_2.fastq.gz
[2022-09-20 23:44:53,126] multiqc                                            [DEBUG  ]  Ignoring file as matched an ignore pattern: SRR1039521_2.fastq.gz
[2022-09-20 23:44:53,160] multiqc                                            [DEBUG  ]  File ignored by ccs/v4 because it exceeded search pattern filesize limit: index
[2022-09-20 23:44:53,161] multiqc                                            [DEBUG  ]  File ignored by hicexplorer because it exceeded search pattern filesize limit: index
[2022-09-20 23:44:53,162] multiqc                                            [DEBUG  ]  File ignored by lima/summary because it exceeded search pattern filesize limit: index
[2022-09-20 23:44:53,164] multiqc                                            [DEBUG  ]  File ignored by longranger/invocation because it exceeded search pattern filesize limit: index
[2022-09-20 23:44:53,167] multiqc                                            [DEBUG  ]  File ignored by nanostat because it exceeded search pattern filesize limit: index
[2022-09-20 23:44:53,232] multiqc                                            [DEBUG  ]  File ignored by ccs/v4 because it exceeded search pattern filesize limit: HEAD
[2022-09-20 23:44:53,233] multiqc                                            [DEBUG  ]  File ignored by lima/summary because it exceeded search pattern filesize limit: HEAD
[2022-09-20 23:44:53,239] multiqc                                            [DEBUG  ]  File ignored by ccs/v4 because it exceeded search pattern filesize limit: main
[2022-09-20 23:44:53,240] multiqc                                            [DEBUG  ]  File ignored by lima/summary because it exceeded search pattern filesize limit: main
[2022-09-20 23:44:53,256] multiqc                                            [DEBUG  ]  File ignored by ccs/v4 because it exceeded search pattern filesize limit: fsmonitor-watchman.sample
[2022-09-20 23:44:53,259] multiqc                                            [DEBUG  ]  File ignored by lima/summary because it exceeded search pattern filesize limit: fsmonitor-watchman.sample
[2022-09-20 23:44:53,264] multiqc                                            [DEBUG  ]  File ignored by longranger/invocation because it exceeded search pattern filesize limit: fsmonitor-watchman.sample
[2022-09-20 23:44:53,282] multiqc                                            [DEBUG  ]  File ignored by ccs/v4 because it exceeded search pattern filesize limit: pre-commit.sample
[2022-09-20 23:44:53,285] multiqc                                            [DEBUG  ]  File ignored by lima/summary because it exceeded search pattern filesize limit: pre-commit.sample
[2022-09-20 23:44:53,307] multiqc                                            [DEBUG  ]  File ignored by ccs/v4 because it exceeded search pattern filesize limit: update.sample
[2022-09-20 23:44:53,310] multiqc                                            [DEBUG  ]  File ignored by lima/summary because it exceeded search pattern filesize limit: update.sample
[2022-09-20 23:44:53,315] multiqc                                            [DEBUG  ]  File ignored by longranger/invocation because it exceeded search pattern filesize limit: update.sample
[2022-09-20 23:44:53,358] multiqc                                            [DEBUG  ]  File ignored by ccs/v4 because it exceeded search pattern filesize limit: pre-push.sample
[2022-09-20 23:44:53,361] multiqc                                            [DEBUG  ]  File ignored by lima/summary because it exceeded search pattern filesize limit: pre-push.sample
[2022-09-20 23:44:53,414] multiqc                                            [DEBUG  ]  File ignored by ccs/v4 because it exceeded search pattern filesize limit: pre-rebase.sample
[2022-09-20 23:44:53,417] multiqc                                            [DEBUG  ]  File ignored by hicexplorer because it exceeded search pattern filesize limit: pre-rebase.sample
[2022-09-20 23:44:53,418] multiqc                                            [DEBUG  ]  File ignored by lima/summary because it exceeded search pattern filesize limit: pre-rebase.sample
[2022-09-20 23:44:53,423] multiqc                                            [DEBUG  ]  File ignored by longranger/invocation because it exceeded search pattern filesize limit: pre-rebase.sample
[2022-09-20 23:44:53,438] multiqc                                            [DEBUG  ]  File ignored by nanostat because it exceeded search pattern filesize limit: pre-rebase.sample
[2022-09-20 23:44:53,445] multiqc                                            [DEBUG  ]  File ignored by ccs/v4 because it exceeded search pattern filesize limit: prepare-commit-msg.sample
[2022-09-20 23:44:53,448] multiqc                                            [DEBUG  ]  File ignored by lima/summary because it exceeded search pattern filesize limit: prepare-commit-msg.sample
[2022-09-20 23:44:53,671] multiqc                                            [DEBUG  ]  File ignored by ccs/v4 because it exceeded search pattern filesize limit: a69b23b4679eb5273717194de16a2f44ed8ec1
[2022-09-20 23:44:53,673] multiqc                                            [DEBUG  ]  File ignored by hicexplorer because it exceeded search pattern filesize limit: a69b23b4679eb5273717194de16a2f44ed8ec1
[2022-09-20 23:44:53,674] multiqc                                            [DEBUG  ]  File ignored by lima/summary because it exceeded search pattern filesize limit: a69b23b4679eb5273717194de16a2f44ed8ec1
[2022-09-20 23:44:53,679] multiqc                                            [DEBUG  ]  File ignored by longranger/invocation because it exceeded search pattern filesize limit: a69b23b4679eb5273717194de16a2f44ed8ec1
[2022-09-20 23:44:53,687] multiqc                                            [DEBUG  ]  File ignored by nanostat because it exceeded search pattern filesize limit: a69b23b4679eb5273717194de16a2f44ed8ec1
[2022-09-20 23:44:53,692] multiqc                                            [DEBUG  ]  File ignored by ccs/v4 because it exceeded search pattern filesize limit: d649f5357c6e81cbdf2ba66c4be7ff99524858
[2022-09-20 23:44:53,693] multiqc                                            [DEBUG  ]  File ignored by hicexplorer because it exceeded search pattern filesize limit: d649f5357c6e81cbdf2ba66c4be7ff99524858
[2022-09-20 23:44:53,693] multiqc                                            [DEBUG  ]  File ignored by lima/summary because it exceeded search pattern filesize limit: d649f5357c6e81cbdf2ba66c4be7ff99524858
[2022-09-20 23:44:53,696] multiqc                                            [DEBUG  ]  File ignored by longranger/invocation because it exceeded search pattern filesize limit: d649f5357c6e81cbdf2ba66c4be7ff99524858
[2022-09-20 23:44:53,700] multiqc                                            [DEBUG  ]  File ignored by nanostat because it exceeded search pattern filesize limit: d649f5357c6e81cbdf2ba66c4be7ff99524858
[2022-09-20 23:44:53,712] multiqc                                            [DEBUG  ]  File ignored by ccs/v4 because it exceeded search pattern filesize limit: 5f2c543e628dd618500459043e1ad8a6d96d6d
[2022-09-20 23:44:53,712] multiqc                                            [DEBUG  ]  File ignored by hicexplorer because it exceeded search pattern filesize limit: 5f2c543e628dd618500459043e1ad8a6d96d6d
[2022-09-20 23:44:53,713] multiqc                                            [DEBUG  ]  File ignored by lima/summary because it exceeded search pattern filesize limit: 5f2c543e628dd618500459043e1ad8a6d96d6d
[2022-09-20 23:44:53,714] multiqc                                            [DEBUG  ]  File ignored by longranger/invocation because it exceeded search pattern filesize limit: 5f2c543e628dd618500459043e1ad8a6d96d6d
[2022-09-20 23:44:53,716] multiqc                                            [DEBUG  ]  File ignored by nanostat because it exceeded search pattern filesize limit: 5f2c543e628dd618500459043e1ad8a6d96d6d
[2022-09-20 23:44:53,720] multiqc                                            [DEBUG  ]  File ignored by ccs/v4 because it exceeded search pattern filesize limit: 571acbe457282cd9baaee74e7066025f4ff25e
[2022-09-20 23:44:53,722] multiqc                                            [DEBUG  ]  File ignored by hicexplorer because it exceeded search pattern filesize limit: 571acbe457282cd9baaee74e7066025f4ff25e
[2022-09-20 23:44:53,722] multiqc                                            [DEBUG  ]  File ignored by lima/summary because it exceeded search pattern filesize limit: 571acbe457282cd9baaee74e7066025f4ff25e
[2022-09-20 23:44:53,727] multiqc                                            [DEBUG  ]  File ignored by longranger/invocation because it exceeded search pattern filesize limit: 571acbe457282cd9baaee74e7066025f4ff25e
[2022-09-20 23:44:53,739] multiqc                                            [DEBUG  ]  File ignored by nanostat because it exceeded search pattern filesize limit: 571acbe457282cd9baaee74e7066025f4ff25e
[2022-09-20 23:44:53,802] multiqc                                            [DEBUG  ]  File ignored by ccs/v4 because it exceeded search pattern filesize limit: f7a0b90c4b0d6d9bcf0c687a2433cc65a173a8
[2022-09-20 23:44:53,805] multiqc                                            [DEBUG  ]  File ignored by lima/summary because it exceeded search pattern filesize limit: f7a0b90c4b0d6d9bcf0c687a2433cc65a173a8
[2022-09-20 23:44:53,825] multiqc                                            [DEBUG  ]  File ignored by ccs/v4 because it exceeded search pattern filesize limit: 7f9e604200f5639a78d8b6da2977161db6c2f0
[2022-09-20 23:44:53,828] multiqc                                            [DEBUG  ]  File ignored by hicexplorer because it exceeded search pattern filesize limit: 7f9e604200f5639a78d8b6da2977161db6c2f0
[2022-09-20 23:44:53,828] multiqc                                            [DEBUG  ]  File ignored by lima/summary because it exceeded search pattern filesize limit: 7f9e604200f5639a78d8b6da2977161db6c2f0
[2022-09-20 23:44:53,833] multiqc                                            [DEBUG  ]  File ignored by longranger/invocation because it exceeded search pattern filesize limit: 7f9e604200f5639a78d8b6da2977161db6c2f0
[2022-09-20 23:44:53,841] multiqc                                            [DEBUG  ]  File ignored by nanostat because it exceeded search pattern filesize limit: 7f9e604200f5639a78d8b6da2977161db6c2f0
[2022-09-20 23:44:53,871] multiqc                                            [DEBUG  ]  File ignored by ccs/v4 because it exceeded search pattern filesize limit: 9c89880293f933359b7e462ada17fe4bbcb0ff
[2022-09-20 23:44:53,874] multiqc                                            [DEBUG  ]  File ignored by lima/summary because it exceeded search pattern filesize limit: 9c89880293f933359b7e462ada17fe4bbcb0ff
[2022-09-20 23:44:53,879] multiqc                                            [DEBUG  ]  File ignored by longranger/invocation because it exceeded search pattern filesize limit: 9c89880293f933359b7e462ada17fe4bbcb0ff
[2022-09-20 23:44:53,917] multiqc                                            [DEBUG  ]  File ignored by ccs/v4 because it exceeded search pattern filesize limit: 0f0fb374010eb48376df4ee4312b0cf5f842f0
[2022-09-20 23:44:53,920] multiqc                                            [DEBUG  ]  File ignored by lima/summary because it exceeded search pattern filesize limit: 0f0fb374010eb48376df4ee4312b0cf5f842f0
[2022-09-20 23:44:53,938] multiqc                                            [DEBUG  ]  File ignored by ccs/v4 because it exceeded search pattern filesize limit: 9450faafc07dddd85c1415385463705587f06b
[2022-09-20 23:44:53,940] multiqc                                            [DEBUG  ]  File ignored by lima/summary because it exceeded search pattern filesize limit: 9450faafc07dddd85c1415385463705587f06b
[2022-09-20 23:44:53,943] multiqc                                            [DEBUG  ]  File ignored by longranger/invocation because it exceeded search pattern filesize limit: 9450faafc07dddd85c1415385463705587f06b
[2022-09-20 23:44:53,994] multiqc                                            [DEBUG  ]  File ignored by ccs/v4 because it exceeded search pattern filesize limit: 7e42c5a94044926b369f624f0c233ec723402b
[2022-09-20 23:44:53,997] multiqc                                            [DEBUG  ]  File ignored by lima/summary because it exceeded search pattern filesize limit: 7e42c5a94044926b369f624f0c233ec723402b
[2022-09-20 23:44:54,002] multiqc                                            [DEBUG  ]  File ignored by longranger/invocation because it exceeded search pattern filesize limit: 7e42c5a94044926b369f624f0c233ec723402b
[2022-09-20 23:44:54,093] multiqc                                            [DEBUG  ]  File ignored by ccs/v4 because it exceeded search pattern filesize limit: c6022f2982e8dae64cebd6b9a2b59f2547faad
[2022-09-20 23:44:54,096] multiqc                                            [DEBUG  ]  File ignored by hicexplorer because it exceeded search pattern filesize limit: c6022f2982e8dae64cebd6b9a2b59f2547faad
[2022-09-20 23:44:54,096] multiqc                                            [DEBUG  ]  File ignored by lima/summary because it exceeded search pattern filesize limit: c6022f2982e8dae64cebd6b9a2b59f2547faad
[2022-09-20 23:44:54,101] multiqc                                            [DEBUG  ]  File ignored by longranger/invocation because it exceeded search pattern filesize limit: c6022f2982e8dae64cebd6b9a2b59f2547faad
[2022-09-20 23:44:54,109] multiqc                                            [DEBUG  ]  File ignored by nanostat because it exceeded search pattern filesize limit: c6022f2982e8dae64cebd6b9a2b59f2547faad
[2022-09-20 23:44:54,165] multiqc                                            [DEBUG  ]  File ignored by ccs/v4 because it exceeded search pattern filesize limit: 164bf902de48c5b1bc5f7fbe0235762c75ecac
[2022-09-20 23:44:54,168] multiqc                                            [DEBUG  ]  File ignored by lima/summary because it exceeded search pattern filesize limit: 164bf902de48c5b1bc5f7fbe0235762c75ecac
[2022-09-20 23:44:54,173] multiqc                                            [DEBUG  ]  File ignored by longranger/invocation because it exceeded search pattern filesize limit: 164bf902de48c5b1bc5f7fbe0235762c75ecac
[2022-09-20 23:44:54,241] multiqc                                            [DEBUG  ]  File ignored by ccs/v4 because it exceeded search pattern filesize limit: 8cbebea6c7068ebc925ee714e4e6cce32fbfc0
[2022-09-20 23:44:54,245] multiqc                                            [DEBUG  ]  File ignored by lima/summary because it exceeded search pattern filesize limit: 8cbebea6c7068ebc925ee714e4e6cce32fbfc0
[2022-09-20 23:44:54,250] multiqc                                            [DEBUG  ]  File ignored by longranger/invocation because it exceeded search pattern filesize limit: 8cbebea6c7068ebc925ee714e4e6cce32fbfc0
[2022-09-20 23:44:54,287] multiqc                                            [DEBUG  ]  File ignored by ccs/v4 because it exceeded search pattern filesize limit: 641ccd18996d0bae75196aed9d73b6bddbec79
[2022-09-20 23:44:54,289] multiqc                                            [DEBUG  ]  File ignored by lima/summary because it exceeded search pattern filesize limit: 641ccd18996d0bae75196aed9d73b6bddbec79
[2022-09-20 23:44:54,291] multiqc                                            [DEBUG  ]  File ignored by longranger/invocation because it exceeded search pattern filesize limit: 641ccd18996d0bae75196aed9d73b6bddbec79
[2022-09-20 23:44:54,300] multiqc                                            [DEBUG  ]  File ignored by ccs/v4 because it exceeded search pattern filesize limit: 5816df41b1af69059973b7fb37f5ced288d891
[2022-09-20 23:44:54,302] multiqc                                            [DEBUG  ]  File ignored by hicexplorer because it exceeded search pattern filesize limit: 5816df41b1af69059973b7fb37f5ced288d891
[2022-09-20 23:44:54,302] multiqc                                            [DEBUG  ]  File ignored by lima/summary because it exceeded search pattern filesize limit: 5816df41b1af69059973b7fb37f5ced288d891
[2022-09-20 23:44:54,305] multiqc                                            [DEBUG  ]  File ignored by longranger/invocation because it exceeded search pattern filesize limit: 5816df41b1af69059973b7fb37f5ced288d891
[2022-09-20 23:44:54,313] multiqc                                            [DEBUG  ]  File ignored by nanostat because it exceeded search pattern filesize limit: 5816df41b1af69059973b7fb37f5ced288d891
[2022-09-20 23:44:54,320] multiqc                                            [DEBUG  ]  File ignored by ccs/v4 because it exceeded search pattern filesize limit: a6f35b2abf28356c3bb870852b30f27b5f7671
[2022-09-20 23:44:54,323] multiqc                                            [DEBUG  ]  File ignored by lima/summary because it exceeded search pattern filesize limit: a6f35b2abf28356c3bb870852b30f27b5f7671
[2022-09-20 23:44:54,355] multiqc                                            [DEBUG  ]  File ignored by ccs/v4 because it exceeded search pattern filesize limit: 7fccebd0fb50e37c99948862e555af48bd9be9
[2022-09-20 23:44:54,358] multiqc                                            [DEBUG  ]  File ignored by lima/summary because it exceeded search pattern filesize limit: 7fccebd0fb50e37c99948862e555af48bd9be9
[2022-09-20 23:44:54,365] multiqc                                            [DEBUG  ]  File ignored by longranger/invocation because it exceeded search pattern filesize limit: 7fccebd0fb50e37c99948862e555af48bd9be9
[2022-09-20 23:44:54,450] multiqc                                            [DEBUG  ]  File ignored by ccs/v4 because it exceeded search pattern filesize limit: e3c98735b7849786cd930ec2d36a1c926d7a60
[2022-09-20 23:44:54,452] multiqc                                            [DEBUG  ]  File ignored by lima/summary because it exceeded search pattern filesize limit: e3c98735b7849786cd930ec2d36a1c926d7a60
[2022-09-20 23:44:54,455] multiqc                                            [DEBUG  ]  File ignored by longranger/invocation because it exceeded search pattern filesize limit: e3c98735b7849786cd930ec2d36a1c926d7a60
[2022-09-20 23:44:54,464] multiqc                                            [DEBUG  ]  File ignored by ccs/v4 because it exceeded search pattern filesize limit: e1e733468092538f263ec9b985e2aa4f1bf449
[2022-09-20 23:44:54,467] multiqc                                            [DEBUG  ]  File ignored by hicexplorer because it exceeded search pattern filesize limit: e1e733468092538f263ec9b985e2aa4f1bf449
[2022-09-20 23:44:54,467] multiqc                                            [DEBUG  ]  File ignored by lima/summary because it exceeded search pattern filesize limit: e1e733468092538f263ec9b985e2aa4f1bf449
[2022-09-20 23:44:54,472] multiqc                                            [DEBUG  ]  File ignored by longranger/invocation because it exceeded search pattern filesize limit: e1e733468092538f263ec9b985e2aa4f1bf449
[2022-09-20 23:44:54,480] multiqc                                            [DEBUG  ]  File ignored by nanostat because it exceeded search pattern filesize limit: e1e733468092538f263ec9b985e2aa4f1bf449
[2022-09-20 23:44:54,559] multiqc                                            [DEBUG  ]  File ignored by ccs/v4 because it exceeded search pattern filesize limit: abd3debceec00f8914e66395326f3d50747fc6
[2022-09-20 23:44:54,562] multiqc                                            [DEBUG  ]  File ignored by lima/summary because it exceeded search pattern filesize limit: abd3debceec00f8914e66395326f3d50747fc6
[2022-09-20 23:44:54,567] multiqc                                            [DEBUG  ]  File ignored by longranger/invocation because it exceeded search pattern filesize limit: abd3debceec00f8914e66395326f3d50747fc6
[2022-09-20 23:44:54,581] multiqc                                            [DEBUG  ]  File ignored by ccs/v4 because it exceeded search pattern filesize limit: 561a05e26723d5f4dc299412ca75a9be0d7784
[2022-09-20 23:44:54,584] multiqc                                            [DEBUG  ]  File ignored by lima/summary because it exceeded search pattern filesize limit: 561a05e26723d5f4dc299412ca75a9be0d7784
[2022-09-20 23:44:54,589] multiqc                                            [DEBUG  ]  File ignored by longranger/invocation because it exceeded search pattern filesize limit: 561a05e26723d5f4dc299412ca75a9be0d7784
[2022-09-20 23:44:54,603] multiqc                                            [DEBUG  ]  File ignored by ccs/v4 because it exceeded search pattern filesize limit: 3f1f9836727c40ee1d12f0a97f769ab653e5ee
[2022-09-20 23:44:54,606] multiqc                                            [DEBUG  ]  File ignored by hicexplorer because it exceeded search pattern filesize limit: 3f1f9836727c40ee1d12f0a97f769ab653e5ee
[2022-09-20 23:44:54,606] multiqc                                            [DEBUG  ]  File ignored by lima/summary because it exceeded search pattern filesize limit: 3f1f9836727c40ee1d12f0a97f769ab653e5ee
[2022-09-20 23:44:54,611] multiqc                                            [DEBUG  ]  File ignored by longranger/invocation because it exceeded search pattern filesize limit: 3f1f9836727c40ee1d12f0a97f769ab653e5ee
[2022-09-20 23:44:54,619] multiqc                                            [DEBUG  ]  File ignored by nanostat because it exceeded search pattern filesize limit: 3f1f9836727c40ee1d12f0a97f769ab653e5ee
[2022-09-20 23:44:54,624] multiqc                                            [DEBUG  ]  File ignored by ccs/v4 because it exceeded search pattern filesize limit: a5697a5908bcdc2e16c5468ad04dc34406dbaf
[2022-09-20 23:44:54,626] multiqc                                            [DEBUG  ]  File ignored by lima/summary because it exceeded search pattern filesize limit: a5697a5908bcdc2e16c5468ad04dc34406dbaf
[2022-09-20 23:44:54,628] multiqc                                            [DEBUG  ]  File ignored by longranger/invocation because it exceeded search pattern filesize limit: a5697a5908bcdc2e16c5468ad04dc34406dbaf
[2022-09-20 23:44:54,704] multiqc                                            [DEBUG  ]  File ignored by ccs/v4 because it exceeded search pattern filesize limit: 3b0d79d225d888c38c49c02549c543b8819373
[2022-09-20 23:44:54,707] multiqc                                            [DEBUG  ]  File ignored by hicexplorer because it exceeded search pattern filesize limit: 3b0d79d225d888c38c49c02549c543b8819373
[2022-09-20 23:44:54,707] multiqc                                            [DEBUG  ]  File ignored by lima/summary because it exceeded search pattern filesize limit: 3b0d79d225d888c38c49c02549c543b8819373
[2022-09-20 23:44:54,713] multiqc                                            [DEBUG  ]  File ignored by longranger/invocation because it exceeded search pattern filesize limit: 3b0d79d225d888c38c49c02549c543b8819373
[2022-09-20 23:44:54,723] multiqc                                            [DEBUG  ]  File ignored by nanostat because it exceeded search pattern filesize limit: 3b0d79d225d888c38c49c02549c543b8819373
[2022-09-20 23:44:54,753] multiqc                                            [DEBUG  ]  File ignored by ccs/v4 because it exceeded search pattern filesize limit: acda2fa1196aad98c2adf4378a7611dd713aa3
[2022-09-20 23:44:54,756] multiqc                                            [DEBUG  ]  File ignored by hicexplorer because it exceeded search pattern filesize limit: acda2fa1196aad98c2adf4378a7611dd713aa3
[2022-09-20 23:44:54,756] multiqc                                            [DEBUG  ]  File ignored by lima/summary because it exceeded search pattern filesize limit: acda2fa1196aad98c2adf4378a7611dd713aa3
[2022-09-20 23:44:54,761] multiqc                                            [DEBUG  ]  File ignored by vep/vep_txt because it exceeded search pattern filesize limit: acda2fa1196aad98c2adf4378a7611dd713aa3
[2022-09-20 23:44:54,762] multiqc                                            [DEBUG  ]  File ignored by longranger/invocation because it exceeded search pattern filesize limit: acda2fa1196aad98c2adf4378a7611dd713aa3
[2022-09-20 23:44:54,770] multiqc                                            [DEBUG  ]  File ignored by nanostat because it exceeded search pattern filesize limit: acda2fa1196aad98c2adf4378a7611dd713aa3
[2022-09-20 23:44:54,776] multiqc                                            [DEBUG  ]  File ignored by ccs/v4 because it exceeded search pattern filesize limit: 01b0f8398500255017ee76595896f01c21b20c
[2022-09-20 23:44:54,779] multiqc                                            [DEBUG  ]  File ignored by lima/summary because it exceeded search pattern filesize limit: 01b0f8398500255017ee76595896f01c21b20c
[2022-09-20 23:44:54,799] multiqc                                            [DEBUG  ]  File ignored by ccs/v4 because it exceeded search pattern filesize limit: 32b3881bbb593d7ec44e1a97490d5bf8037dfe
[2022-09-20 23:44:54,801] multiqc                                            [DEBUG  ]  File ignored by hicexplorer because it exceeded search pattern filesize limit: 32b3881bbb593d7ec44e1a97490d5bf8037dfe
[2022-09-20 23:44:54,802] multiqc                                            [DEBUG  ]  File ignored by lima/summary because it exceeded search pattern filesize limit: 32b3881bbb593d7ec44e1a97490d5bf8037dfe
[2022-09-20 23:44:54,807] multiqc                                            [DEBUG  ]  File ignored by longranger/invocation because it exceeded search pattern filesize limit: 32b3881bbb593d7ec44e1a97490d5bf8037dfe
[2022-09-20 23:44:54,815] multiqc                                            [DEBUG  ]  File ignored by nanostat because it exceeded search pattern filesize limit: 32b3881bbb593d7ec44e1a97490d5bf8037dfe
[2022-09-20 23:44:54,831] multiqc                                            [DEBUG  ]  File ignored by ccs/v4 because it exceeded search pattern filesize limit: 809660e9d9cee6da72f14b8938867d661048ec
[2022-09-20 23:44:54,833] multiqc                                            [DEBUG  ]  File ignored by lima/summary because it exceeded search pattern filesize limit: 809660e9d9cee6da72f14b8938867d661048ec
[2022-09-20 23:44:54,837] multiqc                                            [DEBUG  ]  File ignored by longranger/invocation because it exceeded search pattern filesize limit: 809660e9d9cee6da72f14b8938867d661048ec
[2022-09-20 23:44:54,888] multiqc                                            [DEBUG  ]  File ignored by ccs/v4 because it exceeded search pattern filesize limit: cabf9e2aaa68564e6db0d349e0308e21a57e4f
[2022-09-20 23:44:54,891] multiqc                                            [DEBUG  ]  File ignored by lima/summary because it exceeded search pattern filesize limit: cabf9e2aaa68564e6db0d349e0308e21a57e4f
[2022-09-20 23:44:54,895] multiqc                                            [DEBUG  ]  File ignored by longranger/invocation because it exceeded search pattern filesize limit: cabf9e2aaa68564e6db0d349e0308e21a57e4f
[2022-09-20 23:44:54,956] multiqc                                            [DEBUG  ]  File ignored by ccs/v4 because it exceeded search pattern filesize limit: be58bf38ab454fb6483b138ed7f49c0b48a57a
[2022-09-20 23:44:54,959] multiqc                                            [DEBUG  ]  File ignored by lima/summary because it exceeded search pattern filesize limit: be58bf38ab454fb6483b138ed7f49c0b48a57a
[2022-09-20 23:44:54,964] multiqc                                            [DEBUG  ]  File ignored by longranger/invocation because it exceeded search pattern filesize limit: be58bf38ab454fb6483b138ed7f49c0b48a57a
[2022-09-20 23:44:55,032] multiqc                                            [DEBUG  ]  File ignored by ccs/v4 because it exceeded search pattern filesize limit: 5ed66528396c6ba2fe6ec5172f5a97b8870e3d
[2022-09-20 23:44:55,033] multiqc                                            [DEBUG  ]  File ignored by hicexplorer because it exceeded search pattern filesize limit: 5ed66528396c6ba2fe6ec5172f5a97b8870e3d
[2022-09-20 23:44:55,033] multiqc                                            [DEBUG  ]  File ignored by lima/summary because it exceeded search pattern filesize limit: 5ed66528396c6ba2fe6ec5172f5a97b8870e3d
[2022-09-20 23:44:55,036] multiqc                                            [DEBUG  ]  File ignored by longranger/invocation because it exceeded search pattern filesize limit: 5ed66528396c6ba2fe6ec5172f5a97b8870e3d
[2022-09-20 23:44:55,040] multiqc                                            [DEBUG  ]  File ignored by nanostat because it exceeded search pattern filesize limit: 5ed66528396c6ba2fe6ec5172f5a97b8870e3d
[2022-09-20 23:44:55,052] multiqc                                            [DEBUG  ]  File ignored by ccs/v4 because it exceeded search pattern filesize limit: 5b0a5e3faacd328735ed03f0913614c84b4cad
[2022-09-20 23:44:55,053] multiqc                                            [DEBUG  ]  File ignored by lima/summary because it exceeded search pattern filesize limit: 5b0a5e3faacd328735ed03f0913614c84b4cad
[2022-09-20 23:44:55,055] multiqc                                            [DEBUG  ]  File ignored by longranger/invocation because it exceeded search pattern filesize limit: 5b0a5e3faacd328735ed03f0913614c84b4cad
[2022-09-20 23:44:55,059] multiqc                                            [DEBUG  ]  File ignored by ccs/v4 because it exceeded search pattern filesize limit: 47defe82ca3b746224da2bed034e4a82d6d1b5
[2022-09-20 23:44:55,060] multiqc                                            [DEBUG  ]  File ignored by lima/summary because it exceeded search pattern filesize limit: 47defe82ca3b746224da2bed034e4a82d6d1b5
[2022-09-20 23:44:55,062] multiqc                                            [DEBUG  ]  File ignored by longranger/invocation because it exceeded search pattern filesize limit: 47defe82ca3b746224da2bed034e4a82d6d1b5
[2022-09-20 23:44:55,086] multiqc                                            [DEBUG  ]  File ignored by ccs/v4 because it exceeded search pattern filesize limit: f7aef9b6b55222c67f1bafc06dd4c71463192b
[2022-09-20 23:44:55,089] multiqc                                            [DEBUG  ]  File ignored by hicexplorer because it exceeded search pattern filesize limit: f7aef9b6b55222c67f1bafc06dd4c71463192b
[2022-09-20 23:44:55,089] multiqc                                            [DEBUG  ]  File ignored by lima/summary because it exceeded search pattern filesize limit: f7aef9b6b55222c67f1bafc06dd4c71463192b
[2022-09-20 23:44:55,094] multiqc                                            [DEBUG  ]  File ignored by longranger/invocation because it exceeded search pattern filesize limit: f7aef9b6b55222c67f1bafc06dd4c71463192b
[2022-09-20 23:44:55,102] multiqc                                            [DEBUG  ]  File ignored by nanostat because it exceeded search pattern filesize limit: f7aef9b6b55222c67f1bafc06dd4c71463192b
[2022-09-20 23:44:55,107] multiqc                                            [DEBUG  ]  File ignored by ccs/v4 because it exceeded search pattern filesize limit: 8d1cd72fb6b2826e7ad7ddde0050c6d7063c75
[2022-09-20 23:44:55,109] multiqc                                            [DEBUG  ]  File ignored by hicexplorer because it exceeded search pattern filesize limit: 8d1cd72fb6b2826e7ad7ddde0050c6d7063c75
[2022-09-20 23:44:55,109] multiqc                                            [DEBUG  ]  File ignored by lima/summary because it exceeded search pattern filesize limit: 8d1cd72fb6b2826e7ad7ddde0050c6d7063c75
[2022-09-20 23:44:55,112] multiqc                                            [DEBUG  ]  File ignored by longranger/invocation because it exceeded search pattern filesize limit: 8d1cd72fb6b2826e7ad7ddde0050c6d7063c75
[2022-09-20 23:44:55,116] multiqc                                            [DEBUG  ]  File ignored by nanostat because it exceeded search pattern filesize limit: 8d1cd72fb6b2826e7ad7ddde0050c6d7063c75
[2022-09-20 23:44:55,120] multiqc                                            [DEBUG  ]  File ignored by ccs/v4 because it exceeded search pattern filesize limit: c5e58629064503afca7eeb18d55d92ce51d248
[2022-09-20 23:44:55,122] multiqc                                            [DEBUG  ]  File ignored by hicexplorer because it exceeded search pattern filesize limit: c5e58629064503afca7eeb18d55d92ce51d248
[2022-09-20 23:44:55,123] multiqc                                            [DEBUG  ]  File ignored by lima/summary because it exceeded search pattern filesize limit: c5e58629064503afca7eeb18d55d92ce51d248
[2022-09-20 23:44:55,129] multiqc                                            [DEBUG  ]  File ignored by longranger/invocation because it exceeded search pattern filesize limit: c5e58629064503afca7eeb18d55d92ce51d248
[2022-09-20 23:44:55,137] multiqc                                            [DEBUG  ]  File ignored by nanostat because it exceeded search pattern filesize limit: c5e58629064503afca7eeb18d55d92ce51d248
[2022-09-20 23:44:55,238] multiqc                                            [DEBUG  ]  File ignored by ccs/v4 because it exceeded search pattern filesize limit: 73b6f4cbce86a6dc3500be47ed4c7f2efac3dc
[2022-09-20 23:44:55,241] multiqc                                            [DEBUG  ]  File ignored by lima/summary because it exceeded search pattern filesize limit: 73b6f4cbce86a6dc3500be47ed4c7f2efac3dc
[2022-09-20 23:44:55,247] multiqc                                            [DEBUG  ]  File ignored by longranger/invocation because it exceeded search pattern filesize limit: 73b6f4cbce86a6dc3500be47ed4c7f2efac3dc
[2022-09-20 23:44:55,413] multiqc                                            [DEBUG  ]  File ignored by ccs/v4 because it exceeded search pattern filesize limit: SRR1039521_2_fastqc.html
[2022-09-20 23:44:55,415] multiqc                                            [DEBUG  ]  File ignored by hicexplorer because it exceeded search pattern filesize limit: SRR1039521_2_fastqc.html
[2022-09-20 23:44:55,415] multiqc                                            [DEBUG  ]  File ignored by lima/summary because it exceeded search pattern filesize limit: SRR1039521_2_fastqc.html
[2022-09-20 23:44:55,418] multiqc                                            [DEBUG  ]  File ignored by vep/vep_txt because it exceeded search pattern filesize limit: SRR1039521_2_fastqc.html
[2022-09-20 23:44:55,418] multiqc                                            [DEBUG  ]  File ignored by longranger/invocation because it exceeded search pattern filesize limit: SRR1039521_2_fastqc.html
[2022-09-20 23:44:55,442] multiqc                                            [DEBUG  ]  File ignored by nanostat because it exceeded search pattern filesize limit: SRR1039521_2_fastqc.html
[2022-09-20 23:44:55,447] multiqc                                            [DEBUG  ]  File ignored by ccs/v4 because it exceeded search pattern filesize limit: SRR1039521_1_fastqc.html
[2022-09-20 23:44:55,448] multiqc                                            [DEBUG  ]  File ignored by hicexplorer because it exceeded search pattern filesize limit: SRR1039521_1_fastqc.html
[2022-09-20 23:44:55,448] multiqc                                            [DEBUG  ]  File ignored by lima/summary because it exceeded search pattern filesize limit: SRR1039521_1_fastqc.html
[2022-09-20 23:44:55,450] multiqc                                            [DEBUG  ]  File ignored by vep/vep_txt because it exceeded search pattern filesize limit: SRR1039521_1_fastqc.html
[2022-09-20 23:44:55,450] multiqc                                            [DEBUG  ]  File ignored by longranger/invocation because it exceeded search pattern filesize limit: SRR1039521_1_fastqc.html
[2022-09-20 23:44:55,474] multiqc                                            [DEBUG  ]  File ignored by nanostat because it exceeded search pattern filesize limit: SRR1039521_1_fastqc.html
[2022-09-20 23:44:55,479] multiqc                                            [DEBUG  ]  File ignored by ccs/v4 because it exceeded search pattern filesize limit: SRR1039520_2_fastqc.html
[2022-09-20 23:44:55,479] multiqc                                            [DEBUG  ]  File ignored by hicexplorer because it exceeded search pattern filesize limit: SRR1039520_2_fastqc.html
[2022-09-20 23:44:55,480] multiqc                                            [DEBUG  ]  File ignored by lima/summary because it exceeded search pattern filesize limit: SRR1039520_2_fastqc.html
[2022-09-20 23:44:55,481] multiqc                                            [DEBUG  ]  File ignored by vep/vep_txt because it exceeded search pattern filesize limit: SRR1039520_2_fastqc.html
[2022-09-20 23:44:55,482] multiqc                                            [DEBUG  ]  File ignored by longranger/invocation because it exceeded search pattern filesize limit: SRR1039520_2_fastqc.html
[2022-09-20 23:44:55,506] multiqc                                            [DEBUG  ]  File ignored by nanostat because it exceeded search pattern filesize limit: SRR1039520_2_fastqc.html
[2022-09-20 23:44:55,510] multiqc                                            [DEBUG  ]  File ignored by ccs/v4 because it exceeded search pattern filesize limit: SRR1039520_1_fastqc.html
[2022-09-20 23:44:55,511] multiqc                                            [DEBUG  ]  File ignored by hicexplorer because it exceeded search pattern filesize limit: SRR1039520_1_fastqc.html
[2022-09-20 23:44:55,511] multiqc                                            [DEBUG  ]  File ignored by lima/summary because it exceeded search pattern filesize limit: SRR1039520_1_fastqc.html
[2022-09-20 23:44:55,513] multiqc                                            [DEBUG  ]  File ignored by vep/vep_txt because it exceeded search pattern filesize limit: SRR1039520_1_fastqc.html
[2022-09-20 23:44:55,513] multiqc                                            [DEBUG  ]  File ignored by longranger/invocation because it exceeded search pattern filesize limit: SRR1039520_1_fastqc.html
[2022-09-20 23:44:55,536] multiqc                                            [DEBUG  ]  File ignored by nanostat because it exceeded search pattern filesize limit: SRR1039520_1_fastqc.html
[2022-09-20 23:44:56,127] multiqc.plots.linegraph                            [DEBUG  ]  Using matplotlib version 3.5.2
[2022-09-20 23:44:56,148] multiqc.modules.salmon.salmon                      [INFO   ]  Found 2 meta reports
[2022-09-20 23:44:56,148] multiqc.modules.salmon.salmon                      [INFO   ]  Found 2 fragment length distributions
[2022-09-20 23:44:56,162] multiqc.plots.bargraph                             [DEBUG  ]  Using matplotlib version 3.5.2
[2022-09-20 23:44:56,169] multiqc.modules.fastqc.fastqc                      [INFO   ]  Found 4 reports
[2022-09-20 23:44:56,224] multiqc                                            [INFO   ]  Compressing plot data
[2022-09-20 23:44:56,292] multiqc                                            [INFO   ]  Report      : multiqc/multiqc_report.html
[2022-09-20 23:44:56,292] multiqc                                            [INFO   ]  Data        : multiqc/multiqc_data
[2022-09-20 23:44:56,292] multiqc                                            [DEBUG  ]  Moving data file from '/tmp/tmpzmf2xrfs/multiqc_data' to 'multiqc/multiqc_data'
[2022-09-20 23:44:56,365] multiqc                                            [INFO   ]  MultiQC complete
